#
# There is insufficient memory for the Java Runtime Environment to continue.
# Native memory allocation (malloc) failed to allocate 740096 bytes for Chunk::new
# Possible reasons:
#   The system is out of physical RAM or swap space
#   The process is running with CompressedOops enabled, and the Java Heap may be blocking the growth of the native heap
# Possible solutions:
#   Reduce memory load on the system
#   Increase physical memory or swap space
#   Check if swap backing store is full
#   Decrease Java heap size (-Xmx/-Xms)
#   Decrease number of Java threads
#   Decrease Java thread stack sizes (-Xss)
#   Set larger code cache with -XX:ReservedCodeCacheSize=
#   JVM is running with Zero Based Compressed Oops mode in which the Java heap is
#     placed in the first 32GB address space. The Java Heap base address is the
#     maximum limit for the native heap growth. Please use -XX:HeapBaseMinAddress
#     to set the Java Heap base and to place the Java Heap above 32GB virtual address.
# This output file may be truncated or incomplete.
#
#  Out of Memory Error (allocation.cpp:389), pid=14448, tid=0x0000000000007e1c
#
# JRE version: Java(TM) SE Runtime Environment (8.0_202-b08) (build 1.8.0_202-b08)
# Java VM: Java HotSpot(TM) 64-Bit Server VM (25.202-b08 mixed mode windows-amd64 compressed oops)
# Failed to write core dump. Minidumps are not enabled by default on client versions of Windows
#

---------------  T H R E A D  ---------------

Current thread (0x000000001c7a8800):  JavaThread "C2 CompilerThread1" daemon [_thread_in_native, id=32284, stack(0x000000001e310000,0x000000001e410000)]

Stack: [0x000000001e310000,0x000000001e410000]
[error occurred during error reporting (printing stack bounds), id 0xc0000005]

Native frames: (J=compiled Java code, j=interpreted, Vv=VM code, C=native code)


Current CompileTask:
C2:   5754 3388   !   4       org.springframework.core.annotation.AnnotationsScanner::processMethodHierarchy (276 bytes)


---------------  P R O C E S S  ---------------

Java Threads: ( => current thread )
  0x0000000020975000 JavaThread "mysql-cj-abandoned-connection-cleanup" daemon [_thread_blocked, id=14640, stack(0x0000000020590000,0x0000000020690000)]
  0x000000001c7be000 JavaThread "Service Thread" daemon [_thread_blocked, id=34968, stack(0x000000001e510000,0x000000001e610000)]
  0x000000001c7bc800 JavaThread "C1 CompilerThread2" daemon [_thread_blocked, id=6976, stack(0x000000001e410000,0x000000001e510000)]
=>0x000000001c7a8800 JavaThread "C2 CompilerThread1" daemon [_thread_in_native, id=32284, stack(0x000000001e310000,0x000000001e410000)]
  0x000000001c7a4000 JavaThread "C2 CompilerThread0" daemon [_thread_in_native, id=6788, stack(0x000000001e210000,0x000000001e310000)]
  0x000000001c798800 JavaThread "Monitor Ctrl-Break" daemon [_thread_in_native, id=35180, stack(0x000000001e110000,0x000000001e210000)]
  0x000000001c788800 JavaThread "Attach Listener" daemon [_thread_blocked, id=33736, stack(0x000000001e010000,0x000000001e110000)]
  0x000000001db53800 JavaThread "Signal Dispatcher" daemon [_thread_blocked, id=34948, stack(0x000000001df10000,0x000000001e010000)]
  0x00000000031bb800 JavaThread "Finalizer" daemon [_thread_blocked, id=34332, stack(0x000000001d9b0000,0x000000001dab0000)]
  0x00000000031b8000 JavaThread "Reference Handler" daemon [_thread_blocked, id=1372, stack(0x000000001d8b0000,0x000000001d9b0000)]
  0x0000000002fbe800 JavaThread "main" [_thread_in_vm, id=12028, stack(0x0000000002e60000,0x0000000002f60000)]

Other Threads:
  0x000000001c727800 VMThread [stack: 0x000000001d7b0000,0x000000001d8b0000] [id=33552]
  0x000000001dbff800 WatcherThread [stack: 0x000000001e610000,0x000000001e710000] [id=29084]

VM state:not at safepoint (normal execution)

VM Mutex/Monitor currently owned by a thread: None

heap address: 0x00000006c4800000, size: 4024 MB, Compressed Oops mode: Zero based, Oop shift amount: 3
Narrow klass base: 0x0000000000000000, Narrow klass shift: 3
Compressed class space size: 1073741824 Address: 0x00000007c0000000

Heap:
 PSYoungGen      total 134144K, used 4510K [0x000000076c300000, 0x000000077a380000, 0x00000007c0000000)
  eden space 127488K, 3% used [0x000000076c300000,0x000000076c767920,0x0000000773f80000)
  from space 6656K, 0% used [0x0000000774b80000,0x0000000774b80000,0x0000000775200000)
  to   space 12288K, 0% used [0x0000000773f80000,0x0000000773f80000,0x0000000774b80000)
 ParOldGen       total 79872K, used 14157K [0x00000006c4800000, 0x00000006c9600000, 0x000000076c300000)
  object space 79872K, 17% used [0x00000006c4800000,0x00000006c55d34e8,0x00000006c9600000)
 Metaspace       used 32956K, capacity 35568K, committed 35880K, reserved 1081344K
  class space    used 4360K, capacity 4836K, committed 4912K, reserved 1048576K

Card table byte_map: [0x00000000126b0000,0x0000000012e90000] byte_map_base: 0x000000000f08c000

Marking Bits: (ParMarkBitMap*) 0x0000000071865ce0
 Begin Bits: [0x00000000137d0000, 0x00000000176b0000)
 End Bits:   [0x00000000176b0000, 0x000000001b590000)

Polling page: 0x0000000002af0000

CodeCache: size=245760Kb used=12357Kb max_used=12372Kb free=233402Kb
 bounds [0x00000000032f0000, 0x0000000003f10000, 0x00000000122f0000]
 total_blobs=3806 nmethods=3391 adapters=327
 compilation: enabled

Compilation events (10 events):
Event: 5.546 Thread 0x000000001c7bc800 3391       3       org.springframework.util.ClassUtils::hasMethod (47 bytes)
Event: 5.547 Thread 0x000000001c7bc800 nmethod 3391 0x0000000003ef3b10 code [0x0000000003ef3d00, 0x0000000003ef4698]
Event: 5.549 Thread 0x000000001c7bc800 3393       3       org.springframework.beans.factory.support.DefaultListableBeanFactory::findAnnotationOnBean (24 bytes)
Event: 5.550 Thread 0x000000001c7bc800 nmethod 3393 0x0000000003efc710 code [0x0000000003efc920, 0x0000000003efd4f8]
Event: 5.550 Thread 0x000000001c7bc800 3394       3       org.springframework.beans.factory.support.DefaultListableBeanFactory::findMergedAnnotationOnBean (148 bytes)
Event: 5.551 Thread 0x000000001c7bc800 nmethod 3394 0x0000000003efda90 code [0x0000000003efdea0, 0x0000000003effff8]
Event: 5.551 Thread 0x000000001c7bc800 3395       3       org.springframework.beans.factory.support.DefaultListableBeanFactory$$Lambda$774/774095232::test (10 bytes)
Event: 5.551 Thread 0x000000001c7bc800 nmethod 3395 0x0000000003ef3590 code [0x0000000003ef3700, 0x0000000003ef3a28]
Event: 5.557 Thread 0x000000001c7a8800 nmethod 3336 0x0000000003f06210 code [0x0000000003f06580, 0x0000000003f08550]
Event: 5.557 Thread 0x000000001c7a8800 3388   !   4       org.springframework.core.annotation.AnnotationsScanner::processMethodHierarchy (276 bytes)

GC Heap History (10 events):
Event: 2.736 GC heap before
{Heap before GC invocations=4 (full 1):
 PSYoungGen      total 75264K, used 5414K [0x000000076c300000, 0x0000000775600000, 0x00000007c0000000)
  eden space 64512K, 0% used [0x000000076c300000,0x000000076c300000,0x0000000770200000)
  from space 10752K, 50% used [0x0000000770200000,0x0000000770749a88,0x0000000770c80000)
  to   space 10752K, 0% used [0x0000000774b80000,0x0000000774b80000,0x0000000775600000)
 ParOldGen       total 172032K, used 32K [0x00000006c4800000, 0x00000006cf000000, 0x000000076c300000)
  object space 172032K, 0% used [0x00000006c4800000,0x00000006c4808000,0x00000006cf000000)
 Metaspace       used 19720K, capacity 21194K, committed 21296K, reserved 1067008K
  class space    used 2539K, capacity 2817K, committed 2864K, reserved 1048576K
Event: 2.792 GC heap after
Heap after GC invocations=4 (full 1):
 PSYoungGen      total 75264K, used 0K [0x000000076c300000, 0x0000000775600000, 0x00000007c0000000)
  eden space 64512K, 0% used [0x000000076c300000,0x000000076c300000,0x0000000770200000)
  from space 10752K, 0% used [0x0000000770200000,0x0000000770200000,0x0000000770c80000)
  to   space 10752K, 0% used [0x0000000774b80000,0x0000000774b80000,0x0000000775600000)
 ParOldGen       total 79872K, used 5341K [0x00000006c4800000, 0x00000006c9600000, 0x000000076c300000)
  object space 79872K, 6% used [0x00000006c4800000,0x00000006c4d37468,0x00000006c9600000)
 Metaspace       used 19720K, capacity 21194K, committed 21296K, reserved 1067008K
  class space    used 2539K, capacity 2817K, committed 2864K, reserved 1048576K
}
Event: 3.673 GC heap before
{Heap before GC invocations=5 (full 1):
 PSYoungGen      total 75264K, used 64512K [0x000000076c300000, 0x0000000775600000, 0x00000007c0000000)
  eden space 64512K, 100% used [0x000000076c300000,0x0000000770200000,0x0000000770200000)
  from space 10752K, 0% used [0x0000000770200000,0x0000000770200000,0x0000000770c80000)
  to   space 10752K, 0% used [0x0000000774b80000,0x0000000774b80000,0x0000000775600000)
 ParOldGen       total 79872K, used 5341K [0x00000006c4800000, 0x00000006c9600000, 0x000000076c300000)
  object space 79872K, 6% used [0x00000006c4800000,0x00000006c4d37468,0x00000006c9600000)
 Metaspace       used 23747K, capacity 25582K, committed 25776K, reserved 1071104K
  class space    used 3115K, capacity 3469K, committed 3504K, reserved 1048576K
Event: 3.679 GC heap after
Heap after GC invocations=5 (full 1):
 PSYoungGen      total 124416K, used 6252K [0x000000076c300000, 0x0000000775200000, 0x00000007c0000000)
  eden space 117760K, 0% used [0x000000076c300000,0x000000076c300000,0x0000000773600000)
  from space 6656K, 93% used [0x0000000774b80000,0x000000077519b1a0,0x0000000775200000)
  to   space 10752K, 0% used [0x0000000773d00000,0x0000000773d00000,0x0000000774780000)
 ParOldGen       total 79872K, used 5341K [0x00000006c4800000, 0x00000006c9600000, 0x000000076c300000)
  object space 79872K, 6% used [0x00000006c4800000,0x00000006c4d37468,0x00000006c9600000)
 Metaspace       used 23747K, capacity 25582K, committed 25776K, reserved 1071104K
  class space    used 3115K, capacity 3469K, committed 3504K, reserved 1048576K
}
Event: 5.028 GC heap before
{Heap before GC invocations=6 (full 1):
 PSYoungGen      total 124416K, used 124012K [0x000000076c300000, 0x0000000775200000, 0x00000007c0000000)
  eden space 117760K, 100% used [0x000000076c300000,0x0000000773600000,0x0000000773600000)
  from space 6656K, 93% used [0x0000000774b80000,0x000000077519b1a0,0x0000000775200000)
  to   space 10752K, 0% used [0x0000000773d00000,0x0000000773d00000,0x0000000774780000)
 ParOldGen       total 79872K, used 5341K [0x00000006c4800000, 0x00000006c9600000, 0x000000076c300000)
  object space 79872K, 6% used [0x00000006c4800000,0x00000006c4d37468,0x00000006c9600000)
 Metaspace       used 31347K, capacity 33468K, committed 33712K, reserved 1079296K
  class space    used 4096K, capacity 4470K, committed 4528K, reserved 1048576K
Event: 5.040 GC heap after
Heap after GC invocations=6 (full 1):
 PSYoungGen      total 128512K, used 9644K [0x000000076c300000, 0x0000000775200000, 0x00000007c0000000)
  eden space 117760K, 0% used [0x000000076c300000,0x000000076c300000,0x0000000773600000)
  from space 10752K, 89% used [0x0000000773d00000,0x000000077466b1c8,0x0000000774780000)
  to   space 6656K, 0% used [0x0000000774b80000,0x0000000774b80000,0x0000000775200000)
 ParOldGen       total 79872K, used 5413K [0x00000006c4800000, 0x00000006c9600000, 0x000000076c300000)
  object space 79872K, 6% used [0x00000006c4800000,0x00000006c4d49478,0x00000006c9600000)
 Metaspace       used 31347K, capacity 33468K, committed 33712K, reserved 1079296K
  class space    used 4096K, capacity 4470K, committed 4528K, reserved 1048576K
}
Event: 5.564 GC heap before
{Heap before GC invocations=7 (full 1):
 PSYoungGen      total 128512K, used 67391K [0x000000076c300000, 0x0000000775200000, 0x00000007c0000000)
  eden space 117760K, 49% used [0x000000076c300000,0x000000076fb64cf0,0x0000000773600000)
  from space 10752K, 89% used [0x0000000773d00000,0x000000077466b1c8,0x0000000774780000)
  to   space 6656K, 0% used [0x0000000774b80000,0x0000000774b80000,0x0000000775200000)
 ParOldGen       total 79872K, used 5413K [0x00000006c4800000, 0x00000006c9600000, 0x000000076c300000)
  object space 79872K, 6% used [0x00000006c4800000,0x00000006c4d49478,0x00000006c9600000)
 Metaspace       used 32714K, capacity 35310K, committed 35496K, reserved 1079296K
  class space    used 4318K, capacity 4771K, committed 4784K, reserved 1048576K
Event: 5.574 GC heap after
Heap after GC invocations=7 (full 1):
 PSYoungGen      total 134144K, used 6644K [0x000000076c300000, 0x000000077a380000, 0x00000007c0000000)
  eden space 127488K, 0% used [0x000000076c300000,0x000000076c300000,0x0000000773f80000)
  from space 6656K, 99% used [0x0000000774b80000,0x00000007751fd030,0x0000000775200000)
  to   space 12288K, 0% used [0x0000000773f80000,0x0000000773f80000,0x0000000774b80000)
 ParOldGen       total 79872K, used 8158K [0x00000006c4800000, 0x00000006c9600000, 0x000000076c300000)
  object space 79872K, 10% used [0x00000006c4800000,0x00000006c4ff78a0,0x00000006c9600000)
 Metaspace       used 32714K, capacity 35310K, committed 35496K, reserved 1079296K
  class space    used 4318K, capacity 4771K, committed 4784K, reserved 1048576K
}
Event: 5.574 GC heap before
{Heap before GC invocations=8 (full 2):
 PSYoungGen      total 134144K, used 6644K [0x000000076c300000, 0x000000077a380000, 0x00000007c0000000)
  eden space 127488K, 0% used [0x000000076c300000,0x000000076c300000,0x0000000773f80000)
  from space 6656K, 99% used [0x0000000774b80000,0x00000007751fd030,0x0000000775200000)
  to   space 12288K, 0% used [0x0000000773f80000,0x0000000773f80000,0x0000000774b80000)
 ParOldGen       total 79872K, used 8158K [0x00000006c4800000, 0x00000006c9600000, 0x000000076c300000)
  object space 79872K, 10% used [0x00000006c4800000,0x00000006c4ff78a0,0x00000006c9600000)
 Metaspace       used 32714K, capacity 35310K, committed 35496K, reserved 1079296K
  class space    used 4318K, capacity 4771K, committed 4784K, reserved 1048576K
Event: 5.708 GC heap after
Heap after GC invocations=8 (full 2):
 PSYoungGen      total 134144K, used 0K [0x000000076c300000, 0x000000077a380000, 0x00000007c0000000)
  eden space 127488K, 0% used [0x000000076c300000,0x000000076c300000,0x0000000773f80000)
  from space 6656K, 0% used [0x0000000774b80000,0x0000000774b80000,0x0000000775200000)
  to   space 12288K, 0% used [0x0000000773f80000,0x0000000773f80000,0x0000000774b80000)
 ParOldGen       total 79872K, used 14157K [0x00000006c4800000, 0x00000006c9600000, 0x000000076c300000)
  object space 79872K, 17% used [0x00000006c4800000,0x00000006c55d34e8,0x00000006c9600000)
 Metaspace       used 32714K, capacity 35310K, committed 35496K, reserved 1079296K
  class space    used 4318K, capacity 4771K, committed 4784K, reserved 1048576K
}

Deoptimization events (10 events):
Event: 4.869 Thread 0x0000000002fbe800 Uncommon trap: reason=class_check action=maybe_recompile pc=0x0000000003d715e4 method=org.springframework.beans.factory.support.AbstractBeanFactory.isTypeMatch(Ljava/lang/String;Lorg/springframework/core/ResolvableType;Z)Z @ 53
Event: 4.926 Thread 0x0000000002fbe800 Uncommon trap: reason=unstable_if action=reinterpret pc=0x00000000038dd1ec method=java.util.Properties$LineReader.readLine()I @ 252
Event: 4.926 Thread 0x0000000002fbe800 Uncommon trap: reason=unstable_if action=reinterpret pc=0x00000000038dfba0 method=java.util.Properties$LineReader.readLine()I @ 252
Event: 4.934 Thread 0x0000000002fbe800 Uncommon trap: reason=unstable_if action=reinterpret pc=0x00000000038e100c method=java.io.WinNTFileSystem.isLetter(C)Z @ 15
Event: 5.107 Thread 0x0000000002fbe800 Uncommon trap: reason=unstable_if action=reinterpret pc=0x0000000003db9f00 method=java.lang.Class.searchMethods([Ljava/lang/reflect/Method;Ljava/lang/String;[Ljava/lang/Class;)Ljava/lang/reflect/Method; @ 47
Event: 5.291 Thread 0x0000000002fbe800 Uncommon trap: reason=unstable_if action=reinterpret pc=0x0000000003dcb344 method=java.util.concurrent.ConcurrentHashMap.putVal(Ljava/lang/Object;Ljava/lang/Object;Z)Ljava/lang/Object; @ 331
Event: 5.374 Thread 0x0000000002fbe800 Uncommon trap: reason=unstable_if action=reinterpret pc=0x0000000003e4a450 method=org.springframework.beans.factory.support.AbstractBeanFactory.isTypeMatch(Ljava/lang/String;Lorg/springframework/core/ResolvableType;Z)Z @ 559
Event: 5.479 Thread 0x0000000002fbe800 Uncommon trap: reason=unstable_if action=reinterpret pc=0x0000000003e12a74 method=java.util.concurrent.ConcurrentHashMap.get(Ljava/lang/Object;)Ljava/lang/Object; @ 86
Event: 5.480 Thread 0x0000000002fbe800 Uncommon trap: reason=unstable_if action=reinterpret pc=0x000000000386de6c method=java.util.concurrent.ConcurrentHashMap.transfer([Ljava/util/concurrent/ConcurrentHashMap$Node;[Ljava/util/concurrent/ConcurrentHashMap$Node;)V @ 356
Event: 5.484 Thread 0x0000000002fbe800 Uncommon trap: reason=unstable_if action=reinterpret pc=0x0000000003e380fc method=java.lang.Class$MethodArray.addIfNotPresent(Ljava/lang/reflect/Method;)V @ 19

Classes redefined (0 events):
No events

Internal exceptions (10 events):
Event: 5.539 Thread 0x0000000002fbe800 Exception <a 'java/lang/ClassNotFoundException': org/springframework/web/servlet/mvc/method/annotation/RequestMappingHandlerAdapterCustomizer> (0x000000076f6439e0) thrown at [C:\re\workspace\8-2-build-windows-amd64-cygwin\jdk8u202\12323\hotspot\src\share\
Event: 5.541 Thread 0x0000000002fbe800 Exception <a 'java/lang/ClassNotFoundException': org/springframework/beans/factory/BeanFactoryAwareCustomizer> (0x000000076f6e6228) thrown at [C:\re\workspace\8-2-build-windows-amd64-cygwin\jdk8u202\12323\hotspot\src\share\vm\classfile\systemDictionary.cp
Event: 5.541 Thread 0x0000000002fbe800 Exception <a 'java/lang/ClassNotFoundException': org/springframework/beans/factory/AwareCustomizer> (0x000000076f702e18) thrown at [C:\re\workspace\8-2-build-windows-amd64-cygwin\jdk8u202\12323\hotspot\src\share\vm\classfile\systemDictionary.cpp, line 210
Event: 5.542 Thread 0x0000000002fbe800 Exception <a 'java/lang/ClassNotFoundException': org/springframework/beans/factory/InitializingBeanCustomizer> (0x000000076f722568) thrown at [C:\re\workspace\8-2-build-windows-amd64-cygwin\jdk8u202\12323\hotspot\src\share\vm\classfile\systemDictionary.cp
Event: 5.542 Thread 0x0000000002fbe800 Exception <a 'java/lang/ClassNotFoundException': org/springframework/web/servlet/HandlerAdapterCustomizer> (0x000000076f740fd0) thrown at [C:\re\workspace\8-2-build-windows-amd64-cygwin\jdk8u202\12323\hotspot\src\share\vm\classfile\systemDictionary.cpp, l
Event: 5.543 Thread 0x0000000002fbe800 Exception <a 'java/lang/ClassNotFoundException': org/springframework/core/OrderedCustomizer> (0x000000076f75b430) thrown at [C:\re\workspace\8-2-build-windows-amd64-cygwin\jdk8u202\12323\hotspot\src\share\vm\classfile\systemDictionary.cpp, line 210]
Event: 5.544 Thread 0x0000000002fbe800 Exception <a 'java/lang/ClassNotFoundException': org/springframework/web/context/ServletContextAwareCustomizer> (0x000000076f77bf40) thrown at [C:\re\workspace\8-2-build-windows-amd64-cygwin\jdk8u202\12323\hotspot\src\share\vm\classfile\systemDictionary.c
Event: 5.544 Thread 0x0000000002fbe800 Exception <a 'java/lang/ClassNotFoundException': org/springframework/beans/factory/AwareCustomizer> (0x000000076f798580) thrown at [C:\re\workspace\8-2-build-windows-amd64-cygwin\jdk8u202\12323\hotspot\src\share\vm\classfile\systemDictionary.cpp, line 210
Event: 5.544 Thread 0x0000000002fbe800 Exception <a 'java/lang/ClassNotFoundException': org/springframework/context/ApplicationContextAwareCustomizer> (0x000000076f7b8418) thrown at [C:\re\workspace\8-2-build-windows-amd64-cygwin\jdk8u202\12323\hotspot\src\share\vm\classfile\systemDictionary.c
Event: 5.545 Thread 0x0000000002fbe800 Exception <a 'java/lang/ClassNotFoundException': org/springframework/beans/factory/AwareCustomizer> (0x000000076f7d4ff0) thrown at [C:\re\workspace\8-2-build-windows-amd64-cygwin\jdk8u202\12323\hotspot\src\share\vm\classfile\systemDictionary.cpp, line 210

Events (10 events):
Event: 5.747 loading class org/springframework/util/concurrent/ListenableFutureCallback
Event: 5.747 loading class org/springframework/util/concurrent/ListenableFutureCallback done
Event: 5.749 loading class org/springframework/util/concurrent/SuccessCallback
Event: 5.749 loading class org/springframework/util/concurrent/SuccessCallback done
Event: 5.749 loading class org/springframework/util/concurrent/FailureCallback
Event: 5.749 loading class org/springframework/util/concurrent/FailureCallback done
Event: 5.749 loading class org/springframework/web/servlet/mvc/method/annotation/AsyncTaskMethodReturnValueHandler
Event: 5.749 loading class org/springframework/web/servlet/mvc/method/annotation/AsyncTaskMethodReturnValueHandler done
Event: 5.750 loading class org/springframework/web/servlet/mvc/method/annotation/ViewNameMethodReturnValueHandler
Event: 5.750 loading class org/springframework/web/servlet/mvc/method/annotation/ViewNameMethodReturnValueHandler done


Dynamic libraries:
0x00007ff7e58f0000 - 0x00007ff7e5927000 	C:\Program Files\Java\jdk1.8.0_202\bin\java.exe
0x00007ffb62910000 - 0x00007ffb62b05000 	C:\WINDOWS\SYSTEM32\ntdll.dll
0x00007ffb61b00000 - 0x00007ffb61bbd000 	C:\WINDOWS\System32\KERNEL32.DLL
0x00007ffb603a0000 - 0x00007ffb60669000 	C:\WINDOWS\System32\KERNELBASE.dll
0x00007ffb61d30000 - 0x00007ffb61ddc000 	C:\WINDOWS\System32\ADVAPI32.dll
0x00007ffb61ec0000 - 0x00007ffb61f5e000 	C:\WINDOWS\System32\msvcrt.dll
0x00007ffb61a60000 - 0x00007ffb61afc000 	C:\WINDOWS\System32\sechost.dll
0x00007ffb60b20000 - 0x00007ffb60c4b000 	C:\WINDOWS\System32\RPCRT4.dll
0x00007ffb60ce0000 - 0x00007ffb60e80000 	C:\WINDOWS\System32\USER32.dll
0x00007ffb60260000 - 0x00007ffb60282000 	C:\WINDOWS\System32\win32u.dll
0x00007ffb60c50000 - 0x00007ffb60c7a000 	C:\WINDOWS\System32\GDI32.dll
0x00007ffb60290000 - 0x00007ffb6039b000 	C:\WINDOWS\System32\gdi32full.dll
0x00007ffb60720000 - 0x00007ffb607bd000 	C:\WINDOWS\System32\msvcp_win.dll
0x00007ffb60870000 - 0x00007ffb60970000 	C:\WINDOWS\System32\ucrtbase.dll
0x00007ffb4dc80000 - 0x00007ffb4df1a000 	C:\WINDOWS\WinSxS\amd64_microsoft.windows.common-controls_6595b64144ccf1df_6.0.19041.844_none_ca00b6081b84eb1d\COMCTL32.dll
0x00007ffb61de0000 - 0x00007ffb61e10000 	C:\WINDOWS\System32\IMM32.DLL
0x00000000718f0000 - 0x00000000719c2000 	C:\Program Files\Java\jdk1.8.0_202\jre\bin\msvcr100.dll
0x0000000071040000 - 0x00000000718e5000 	C:\Program Files\Java\jdk1.8.0_202\jre\bin\server\jvm.dll
0x00007ffb61f60000 - 0x00007ffb61f68000 	C:\WINDOWS\System32\PSAPI.DLL
0x00007ffb59560000 - 0x00007ffb59569000 	C:\WINDOWS\SYSTEM32\WSOCK32.dll
0x00007ffb62130000 - 0x00007ffb6219b000 	C:\WINDOWS\System32\WS2_32.dll
0x00007ffb54890000 - 0x00007ffb548b7000 	C:\WINDOWS\SYSTEM32\WINMM.dll
0x00007ffb57810000 - 0x00007ffb5781a000 	C:\WINDOWS\SYSTEM32\VERSION.dll
0x00007ffb5d8f0000 - 0x00007ffb5d8ff000 	C:\Program Files\Java\jdk1.8.0_202\jre\bin\verify.dll
0x00007ffb59740000 - 0x00007ffb59769000 	C:\Program Files\Java\jdk1.8.0_202\jre\bin\java.dll
0x00007ffb59710000 - 0x00007ffb59733000 	C:\Program Files\Java\jdk1.8.0_202\jre\bin\instrument.dll
0x00007ffb5ae30000 - 0x00007ffb5ae46000 	C:\Program Files\Java\jdk1.8.0_202\jre\bin\zip.dll
0x00007ffb60e80000 - 0x00007ffb615c2000 	C:\WINDOWS\System32\SHELL32.dll
0x00007ffb5e190000 - 0x00007ffb5e920000 	C:\WINDOWS\SYSTEM32\windows.storage.dll
0x00007ffb61700000 - 0x00007ffb61a55000 	C:\WINDOWS\System32\combase.dll
0x00007ffb5fac0000 - 0x00007ffb5faec000 	C:\WINDOWS\SYSTEM32\Wldp.dll
0x00007ffb623b0000 - 0x00007ffb6245e000 	C:\WINDOWS\System32\SHCORE.dll
0x00007ffb60c80000 - 0x00007ffb60cd5000 	C:\WINDOWS\System32\shlwapi.dll
0x00007ffb5ff90000 - 0x00007ffb5ffaf000 	C:\WINDOWS\SYSTEM32\profapi.dll
0x00007ffb596f0000 - 0x00007ffb5970a000 	D:\ideaIU-2019.3.win\bin\breakgen64.dll
0x00007ffb50bf0000 - 0x00007ffb50c0a000 	C:\Program Files\Java\jdk1.8.0_202\jre\bin\net.dll
0x00007ffb4f320000 - 0x00007ffb4f50e000 	C:\WINDOWS\SYSTEM32\urlmon.dll
0x00007ffb4f860000 - 0x00007ffb4fb10000 	C:\WINDOWS\SYSTEM32\iertutil.dll
0x00007ffb5f840000 - 0x00007ffb5f8aa000 	C:\WINDOWS\system32\mswsock.dll
0x00007ffb50bd0000 - 0x00007ffb50be2000 	C:\Program Files\Java\jdk1.8.0_202\jre\bin\nio.dll
0x00007ffb5d870000 - 0x00007ffb5d87d000 	C:\Program Files\Java\jdk1.8.0_202\jre\bin\management.dll
0x00007ffb44430000 - 0x00007ffb44447000 	C:\WINDOWS\system32\napinsp.dll
0x00007ffb44410000 - 0x00007ffb4442b000 	C:\WINDOWS\system32\pnrpnsp.dll
0x00007ffb443f0000 - 0x00007ffb44405000 	C:\WINDOWS\system32\wshbth.dll
0x00007ffb5bb00000 - 0x00007ffb5bb1d000 	C:\WINDOWS\system32\NLAapi.dll
0x00007ffb5f4e0000 - 0x00007ffb5f51b000 	C:\WINDOWS\SYSTEM32\IPHLPAPI.DLL
0x00007ffb5f530000 - 0x00007ffb5f5fb000 	C:\WINDOWS\SYSTEM32\DNSAPI.dll
0x00007ffb61cf0000 - 0x00007ffb61cf8000 	C:\WINDOWS\System32\NSI.dll
0x00007ffb44380000 - 0x00007ffb44392000 	C:\WINDOWS\System32\winrnr.dll
0x00007ffb4c920000 - 0x00007ffb4c92a000 	C:\Windows\System32\rasadhlp.dll
0x00007ffb4d360000 - 0x00007ffb4d3df000 	C:\WINDOWS\System32\fwpuclnt.dll
0x00007ffb600d0000 - 0x00007ffb600f7000 	C:\WINDOWS\System32\bcrypt.dll

VM Arguments:
jvm_args: -ea -Didea.test.cyclic.buffer.size=1048576 -javaagent:D:\ideaIU-2019.3.win\lib\idea_rt.jar=50403:D:\ideaIU-2019.3.win\bin -Dfile.encoding=UTF-8 
java_command: com.intellij.rt.junit.JUnitStarter -ideVersion5 -junit5 com.fjnu.intelligentwardrobe.IntelligentwardrobeApplicationTests,UserItemTest
java_class_path (initial): D:\ideaIU-2019.3.win\lib\idea_rt.jar;D:\ideaIU-2019.3.win\plugins\junit\lib\junit5-rt.jar;D:\ideaIU-2019.3.win\plugins\junit\lib\junit-rt.jar;C:\Program Files\Java\jdk1.8.0_202\jre\lib\charsets.jar;C:\Program Files\Java\jdk1.8.0_202\jre\lib\deploy.jar;C:\Program Files\Java\jdk1.8.0_202\jre\lib\ext\access-bridge-64.jar;C:\Program Files\Java\jdk1.8.0_202\jre\lib\ext\cldrdata.jar;C:\Program Files\Java\jdk1.8.0_202\jre\lib\ext\dnsns.jar;C:\Program Files\Java\jdk1.8.0_202\jre\lib\ext\jaccess.jar;C:\Program Files\Java\jdk1.8.0_202\jre\lib\ext\jfxrt.jar;C:\Program Files\Java\jdk1.8.0_202\jre\lib\ext\localedata.jar;C:\Program Files\Java\jdk1.8.0_202\jre\lib\ext\nashorn.jar;C:\Program Files\Java\jdk1.8.0_202\jre\lib\ext\sunec.jar;C:\Program Files\Java\jdk1.8.0_202\jre\lib\ext\sunjce_provider.jar;C:\Program Files\Java\jdk1.8.0_202\jre\lib\ext\sunmscapi.jar;C:\Program Files\Java\jdk1.8.0_202\jre\lib\ext\sunpkcs11.jar;C:\Program Files\Java\jdk1.8.0_202\jre\lib\ext\zipfs.jar;C:\Program Files\Java\jdk1.8.0_202\jre\lib\javaws.jar;C:\Program Files\Java\jdk1.8.0_202\jre\lib\jce.jar;C:\Program Files\Java\jdk1.8.0_202\jre\lib\jfr.jar;C:\Program Files\Java\jdk1.8.0_202\jre\lib\jfxswt.jar;C:\Program Files\Java\jdk1.8.0_202\jre\lib\jsse.jar;C:\Program Files\Java\jdk1.8.0_202\jre\lib\management-agent.jar;C:\Program Files\Java\jdk1.8.0_202\jre\lib\plugin.jar;C:\Program Files\Java\jdk1.8.0_202\jre\lib\resources.jar;C:\Program Files\Java\jdk1.8.0_202\jre\lib\rt.jar;C:\Users\17787\Desktop\intelligentWardrobe-background\target\test-classes;C:\Users\17787\Desktop\intelligentWardrobe-background\target\classes;D:\Maven\apache-maven-3.6.1-bin\apache-maven-3.6.1\org\springframework\boot\spring-boot-starter-web\2.4.4\spring-boot-starter-web-2.4.4.jar;D:\Maven\apache-maven-3.6.1-bin\apache-maven-3.6.1\org\springframework\boot\spring-boot-starter\2.4.4\spring-boot-starter-2.4.4.jar;D:\Maven\apache-maven-3.6.1-bin\apache-maven-3.6.1\org\springframework\boot\spring-boot\2.4.
Launcher Type: SUN_STANDARD

Environment Variables:
JAVA_HOME=C:\Program Files\Java\jdk1.8.0_202
PATH=C:\Program Files (x86)\Common Files\Oracle\Java\javapath;C:\WINDOWS\system32;C:\WINDOWS;C:\WINDOWS\System32\Wbem;C:\WINDOWS\System32\WindowsPowerShell\v1.0\;C:\WINDOWS\System32\OpenSSH\;C:\Program Files\Java\jdk1.8.0_202\bin;C:\Program Files\Java\jdk1.8.0_202\jre\bin;D:\Maven\apache-maven-3.6.1-bin\apache-maven-3.6.1\bin;C:\Users\17787\Documents\Tencent Files\1778772363\FileRecv\mysql-5.7.23-winx64\mysql-5.7.23-winx64\bin;D:\Git\cmd;D:\node.js\;C:\Users\17787\AppData\Local\Microsoft\WindowsApps;;C:\Users\17787\AppData\Local\Programs\Microsoft VS Code\bin;D:\Bandizip\;C:\Users\17787\AppData\Roaming\npm
USERNAME=17787
OS=Windows_NT
PROCESSOR_IDENTIFIER=Intel64 Family 6 Model 158 Stepping 9, GenuineIntel



---------------  S Y S T E M  ---------------

OS: Windows 10.0 , 64 bit Build 19041 (10.0.19041.804)

CPU:total 4 (initial active 4) (4 cores per cpu, 1 threads per core) family 6 model 158 stepping 9, cmov, cx8, fxsr, mmx, sse, sse2, sse3, ssse3, sse4.1, sse4.2, popcnt, avx, avx2, aes, clmul, erms, 3dnowpref, lzcnt, tsc, tscinvbit, bmi1, bmi2, adx

Memory: 4k page, physical 16476824k(5319984k free), swap 32003360k(14456k free)

vm_info: Java HotSpot(TM) 64-Bit Server VM (25.202-b08) for windows-amd64 JRE (1.8.0_202-b08), built on Dec 15 2018 19:54:30 by "java_re" with MS VC++ 10.0 (VS2010)

time: Mon Apr 19 21:59:00 2021
timezone: 中国标准时间
elapsed time: 5 seconds (0d 0h 0m 5s)

